[0.250s] DEBUG:colcon:Command line arguments: ['/usr/bin/colcon', 'build']
[0.251s] DEBUG:colcon:Parsed command line arguments: Namespace(log_base=None, log_level=None, verb_name='build', build_base='build', install_base='install', merge_install=False, symlink_install=False, test_result_base=None, continue_on_error=False, executor='parallel', parallel_workers=15, event_handlers=None, ignore_user_meta=False, metas=['./colcon.meta'], base_paths=['.'], packages_ignore=None, packages_ignore_regex=None, paths=None, packages_up_to=None, packages_up_to_regex=None, packages_above=None, packages_above_and_dependencies=None, packages_above_depth=None, packages_select_by_dep=None, packages_skip_by_dep=None, packages_skip_up_to=None, packages_select_build_failed=False, packages_skip_build_finished=False, packages_select_test_failures=False, packages_skip_test_passed=False, packages_select=None, packages_skip=None, packages_select_regex=None, packages_skip_regex=None, packages_start=None, packages_end=None, allow_overriding=[], cmake_args=None, cmake_target=None, cmake_target_skip_unavailable=False, cmake_clean_cache=False, cmake_clean_first=False, cmake_force_configure=False, ament_cmake_args=None, catkin_cmake_args=None, catkin_skip_building_tests=False, mixin_files=None, mixin=None, verb_parser=<colcon_mixin.mixin.mixin_argument.MixinArgumentDecorator object at 0x79af74545ab0>, verb_extension=<colcon_core.verb.build.BuildVerb object at 0x79af7464e200>, main=<bound method BuildVerb.main of <colcon_core.verb.build.BuildVerb object at 0x79af7464e200>>, mixin_verb=('build',))
[0.538s] Level 1:colcon.colcon_core.package_discovery:discover_packages(colcon_meta) check parameters
[0.538s] Level 1:colcon.colcon_core.package_discovery:discover_packages(recursive) check parameters
[0.538s] Level 1:colcon.colcon_core.package_discovery:discover_packages(ignore) check parameters
[0.538s] Level 1:colcon.colcon_core.package_discovery:discover_packages(path) check parameters
[0.538s] Level 1:colcon.colcon_core.package_discovery:discover_packages(colcon_meta) discover
[0.539s] Level 1:colcon.colcon_core.package_discovery:discover_packages(recursive) discover
[0.539s] INFO:colcon.colcon_core.package_discovery:Crawling recursively for packages in '/home/basira/Documents/AIME/MATE-ROV-AIME-/ros2_ws'
[0.540s] Level 1:colcon.colcon_core.package_identification:_identify(.) by extensions ['ignore', 'ignore_ament_install']
[0.540s] Level 1:colcon.colcon_core.package_identification:_identify(.) by extension 'ignore'
[0.552s] Level 1:colcon.colcon_core.package_identification:_identify(.) by extension 'ignore_ament_install'
[0.552s] Level 1:colcon.colcon_core.package_identification:_identify(.) by extensions ['colcon_pkg']
[0.552s] Level 1:colcon.colcon_core.package_identification:_identify(.) by extension 'colcon_pkg'
[0.552s] Level 1:colcon.colcon_core.package_identification:_identify(.) by extensions ['colcon_meta']
[0.553s] Level 1:colcon.colcon_core.package_identification:_identify(.) by extension 'colcon_meta'
[0.553s] Level 1:colcon.colcon_core.package_identification:_identify(.) by extensions ['ros']
[0.553s] Level 1:colcon.colcon_core.package_identification:_identify(.) by extension 'ros'
[0.612s] Level 1:colcon.colcon_core.package_identification:_identify(.) by extensions ['cmake', 'python']
[0.613s] Level 1:colcon.colcon_core.package_identification:_identify(.) by extension 'cmake'
[0.613s] Level 1:colcon.colcon_core.package_identification:_identify(.) by extension 'python'
[0.613s] Level 1:colcon.colcon_core.package_identification:_identify(.) by extensions ['python_setup_py']
[0.613s] Level 1:colcon.colcon_core.package_identification:_identify(.) by extension 'python_setup_py'
[0.614s] Level 1:colcon.colcon_core.package_identification:_identify(build) by extensions ['ignore', 'ignore_ament_install']
[0.615s] Level 1:colcon.colcon_core.package_identification:_identify(build) by extension 'ignore'
[0.615s] Level 1:colcon.colcon_core.package_identification:_identify(build) ignored
[0.616s] Level 1:colcon.colcon_core.package_identification:_identify(install) by extensions ['ignore', 'ignore_ament_install']
[0.616s] Level 1:colcon.colcon_core.package_identification:_identify(install) by extension 'ignore'
[0.616s] Level 1:colcon.colcon_core.package_identification:_identify(install) ignored
[0.616s] Level 1:colcon.colcon_core.package_identification:_identify(log) by extensions ['ignore', 'ignore_ament_install']
[0.616s] Level 1:colcon.colcon_core.package_identification:_identify(log) by extension 'ignore'
[0.617s] Level 1:colcon.colcon_core.package_identification:_identify(log) ignored
[0.617s] Level 1:colcon.colcon_core.package_identification:_identify(src) by extensions ['ignore', 'ignore_ament_install']
[0.617s] Level 1:colcon.colcon_core.package_identification:_identify(src) by extension 'ignore'
[0.617s] Level 1:colcon.colcon_core.package_identification:_identify(src) by extension 'ignore_ament_install'
[0.617s] Level 1:colcon.colcon_core.package_identification:_identify(src) by extensions ['colcon_pkg']
[0.617s] Level 1:colcon.colcon_core.package_identification:_identify(src) by extension 'colcon_pkg'
[0.617s] Level 1:colcon.colcon_core.package_identification:_identify(src) by extensions ['colcon_meta']
[0.617s] Level 1:colcon.colcon_core.package_identification:_identify(src) by extension 'colcon_meta'
[0.617s] Level 1:colcon.colcon_core.package_identification:_identify(src) by extensions ['ros']
[0.617s] Level 1:colcon.colcon_core.package_identification:_identify(src) by extension 'ros'
[0.618s] Level 1:colcon.colcon_core.package_identification:_identify(src) by extensions ['cmake', 'python']
[0.618s] Level 1:colcon.colcon_core.package_identification:_identify(src) by extension 'cmake'
[0.618s] Level 1:colcon.colcon_core.package_identification:_identify(src) by extension 'python'
[0.618s] Level 1:colcon.colcon_core.package_identification:_identify(src) by extensions ['python_setup_py']
[0.618s] Level 1:colcon.colcon_core.package_identification:_identify(src) by extension 'python_setup_py'
[0.618s] Level 1:colcon.colcon_core.package_identification:_identify(src/underwater_rover) by extensions ['ignore', 'ignore_ament_install']
[0.618s] Level 1:colcon.colcon_core.package_identification:_identify(src/underwater_rover) by extension 'ignore'
[0.618s] Level 1:colcon.colcon_core.package_identification:_identify(src/underwater_rover) by extension 'ignore_ament_install'
[0.618s] Level 1:colcon.colcon_core.package_identification:_identify(src/underwater_rover) by extensions ['colcon_pkg']
[0.618s] Level 1:colcon.colcon_core.package_identification:_identify(src/underwater_rover) by extension 'colcon_pkg'
[0.619s] Level 1:colcon.colcon_core.package_identification:_identify(src/underwater_rover) by extensions ['colcon_meta']
[0.619s] Level 1:colcon.colcon_core.package_identification:_identify(src/underwater_rover) by extension 'colcon_meta'
[0.619s] Level 1:colcon.colcon_core.package_identification:_identify(src/underwater_rover) by extensions ['ros']
[0.619s] Level 1:colcon.colcon_core.package_identification:_identify(src/underwater_rover) by extension 'ros'
[0.633s] DEBUG:colcon.colcon_core.package_identification:Package 'src/underwater_rover' with type 'ros.ament_python' and name 'underwater_rover'
[0.633s] Level 1:colcon.colcon_core.package_discovery:discover_packages(recursive) using defaults
[0.633s] Level 1:colcon.colcon_core.package_discovery:discover_packages(ignore) discover
[0.634s] Level 1:colcon.colcon_core.package_discovery:discover_packages(ignore) using defaults
[0.634s] Level 1:colcon.colcon_core.package_discovery:discover_packages(path) discover
[0.634s] Level 1:colcon.colcon_core.package_discovery:discover_packages(path) using defaults
[0.702s] Level 1:colcon.colcon_core.package_discovery:discover_packages(prefix_path) check parameters
[0.703s] Level 1:colcon.colcon_core.package_discovery:discover_packages(prefix_path) discover
[0.719s] DEBUG:colcon.colcon_installed_package_information.package_discovery:Found 270 installed packages in /opt/ros/humble
[0.725s] Level 1:colcon.colcon_core.package_discovery:discover_packages(prefix_path) using defaults
[0.839s] Level 5:colcon.colcon_core.verb:set package 'underwater_rover' build argument 'cmake_args' from command line to 'None'
[0.839s] Level 5:colcon.colcon_core.verb:set package 'underwater_rover' build argument 'cmake_target' from command line to 'None'
[0.839s] Level 5:colcon.colcon_core.verb:set package 'underwater_rover' build argument 'cmake_target_skip_unavailable' from command line to 'False'
[0.839s] Level 5:colcon.colcon_core.verb:set package 'underwater_rover' build argument 'cmake_clean_cache' from command line to 'False'
[0.839s] Level 5:colcon.colcon_core.verb:set package 'underwater_rover' build argument 'cmake_clean_first' from command line to 'False'
[0.840s] Level 5:colcon.colcon_core.verb:set package 'underwater_rover' build argument 'cmake_force_configure' from command line to 'False'
[0.840s] Level 5:colcon.colcon_core.verb:set package 'underwater_rover' build argument 'ament_cmake_args' from command line to 'None'
[0.840s] Level 5:colcon.colcon_core.verb:set package 'underwater_rover' build argument 'catkin_cmake_args' from command line to 'None'
[0.840s] Level 5:colcon.colcon_core.verb:set package 'underwater_rover' build argument 'catkin_skip_building_tests' from command line to 'False'
[0.840s] DEBUG:colcon.colcon_core.verb:Building package 'underwater_rover' with the following arguments: {'ament_cmake_args': None, 'build_base': '/home/basira/Documents/AIME/MATE-ROV-AIME-/ros2_ws/build/underwater_rover', 'catkin_cmake_args': None, 'catkin_skip_building_tests': False, 'cmake_args': None, 'cmake_clean_cache': False, 'cmake_clean_first': False, 'cmake_force_configure': False, 'cmake_target': None, 'cmake_target_skip_unavailable': False, 'install_base': '/home/basira/Documents/AIME/MATE-ROV-AIME-/ros2_ws/install/underwater_rover', 'merge_install': False, 'path': '/home/basira/Documents/AIME/MATE-ROV-AIME-/ros2_ws/src/underwater_rover', 'symlink_install': False, 'test_result_base': None}
[0.840s] INFO:colcon.colcon_core.executor:Executing jobs using 'parallel' executor
[0.844s] DEBUG:colcon.colcon_parallel_executor.executor.parallel:run_until_complete
[0.845s] INFO:colcon.colcon_ros.task.ament_python.build:Building ROS package in '/home/basira/Documents/AIME/MATE-ROV-AIME-/ros2_ws/src/underwater_rover' with build type 'ament_python'
[0.845s] Level 1:colcon.colcon_core.shell:create_environment_hook('underwater_rover', 'ament_prefix_path')
[0.962s] INFO:colcon.colcon_core.plugin_system:Skipping extension 'colcon_core.shell.bat': Not used on non-Windows systems
[0.962s] INFO:colcon.colcon_core.shell:Creating environment hook '/home/basira/Documents/AIME/MATE-ROV-AIME-/ros2_ws/install/underwater_rover/share/underwater_rover/hook/ament_prefix_path.ps1'
[0.975s] INFO:colcon.colcon_core.shell:Creating environment descriptor '/home/basira/Documents/AIME/MATE-ROV-AIME-/ros2_ws/install/underwater_rover/share/underwater_rover/hook/ament_prefix_path.dsv'
[0.996s] INFO:colcon.colcon_core.shell:Creating environment hook '/home/basira/Documents/AIME/MATE-ROV-AIME-/ros2_ws/install/underwater_rover/share/underwater_rover/hook/ament_prefix_path.sh'
[1.069s] INFO:colcon.colcon_core.shell:Skip shell extension 'powershell' for command environment: Not usable outside of PowerShell
[1.069s] DEBUG:colcon.colcon_core.shell:Skip shell extension 'dsv' for command environment
[1.855s] INFO:colcon.colcon_core.task.python.build:Building Python package in '/home/basira/Documents/AIME/MATE-ROV-AIME-/ros2_ws/src/underwater_rover'
[1.855s] INFO:colcon.colcon_core.shell:Skip shell extension 'powershell' for command environment: Not usable outside of PowerShell
[1.855s] DEBUG:colcon.colcon_core.shell:Skip shell extension 'dsv' for command environment
[3.297s] DEBUG:colcon.colcon_core.event_handler.log_command:Invoking command in '/home/basira/Documents/AIME/MATE-ROV-AIME-/ros2_ws/src/underwater_rover': PYTHONPATH=/home/basira/Documents/AIME/MATE-ROV-AIME-/ros2_ws/build/underwater_rover/prefix_override:/usr/lib/python3/dist-packages/colcon_core/task/python/colcon_distutils_commands:/home/basira/Documents/AIME/MATE-ROV-AIME-/ros2_ws/install/underwater_rover/lib/python3.10/site-packages:${PYTHONPATH} /usr/bin/python3 -W ignore:setup.py install is deprecated setup.py egg_info --egg-base ../../build/underwater_rover build --build-base /home/basira/Documents/AIME/MATE-ROV-AIME-/ros2_ws/build/underwater_rover/build install --record /home/basira/Documents/AIME/MATE-ROV-AIME-/ros2_ws/build/underwater_rover/install.log --single-version-externally-managed install_data
[3.630s] DEBUG:colcon.colcon_core.event_handler.log_command:Invoked command in '/home/basira/Documents/AIME/MATE-ROV-AIME-/ros2_ws/src/underwater_rover' returned '0': PYTHONPATH=/home/basira/Documents/AIME/MATE-ROV-AIME-/ros2_ws/build/underwater_rover/prefix_override:/usr/lib/python3/dist-packages/colcon_core/task/python/colcon_distutils_commands:/home/basira/Documents/AIME/MATE-ROV-AIME-/ros2_ws/install/underwater_rover/lib/python3.10/site-packages:${PYTHONPATH} /usr/bin/python3 -W ignore:setup.py install is deprecated setup.py egg_info --egg-base ../../build/underwater_rover build --build-base /home/basira/Documents/AIME/MATE-ROV-AIME-/ros2_ws/build/underwater_rover/build install --record /home/basira/Documents/AIME/MATE-ROV-AIME-/ros2_ws/build/underwater_rover/install.log --single-version-externally-managed install_data
[3.672s] Level 1:colcon.colcon_core.environment:checking '/home/basira/Documents/AIME/MATE-ROV-AIME-/ros2_ws/install/underwater_rover' for CMake module files
[3.672s] Level 1:colcon.colcon_core.environment:checking '/home/basira/Documents/AIME/MATE-ROV-AIME-/ros2_ws/install/underwater_rover' for CMake config files
[3.673s] Level 1:colcon.colcon_core.environment:checking '/home/basira/Documents/AIME/MATE-ROV-AIME-/ros2_ws/install/underwater_rover/lib'
[3.673s] Level 1:colcon.colcon_core.environment:checking '/home/basira/Documents/AIME/MATE-ROV-AIME-/ros2_ws/install/underwater_rover/bin'
[3.673s] Level 1:colcon.colcon_core.environment:checking '/home/basira/Documents/AIME/MATE-ROV-AIME-/ros2_ws/install/underwater_rover/lib/pkgconfig/underwater_rover.pc'
[3.673s] Level 1:colcon.colcon_core.environment:checking '/home/basira/Documents/AIME/MATE-ROV-AIME-/ros2_ws/install/underwater_rover/lib/python3.10/site-packages'
[3.673s] Level 1:colcon.colcon_core.shell:create_environment_hook('underwater_rover', 'pythonpath')
[3.674s] INFO:colcon.colcon_core.shell:Creating environment hook '/home/basira/Documents/AIME/MATE-ROV-AIME-/ros2_ws/install/underwater_rover/share/underwater_rover/hook/pythonpath.ps1'
[3.674s] INFO:colcon.colcon_core.shell:Creating environment descriptor '/home/basira/Documents/AIME/MATE-ROV-AIME-/ros2_ws/install/underwater_rover/share/underwater_rover/hook/pythonpath.dsv'
[3.674s] INFO:colcon.colcon_core.shell:Creating environment hook '/home/basira/Documents/AIME/MATE-ROV-AIME-/ros2_ws/install/underwater_rover/share/underwater_rover/hook/pythonpath.sh'
[3.675s] Level 1:colcon.colcon_core.environment:checking '/home/basira/Documents/AIME/MATE-ROV-AIME-/ros2_ws/install/underwater_rover/bin'
[3.675s] Level 1:colcon.colcon_core.environment:create_environment_scripts_only(underwater_rover)
[3.676s] INFO:colcon.colcon_core.shell:Creating package script '/home/basira/Documents/AIME/MATE-ROV-AIME-/ros2_ws/install/underwater_rover/share/underwater_rover/package.ps1'
[3.678s] INFO:colcon.colcon_core.shell:Creating package descriptor '/home/basira/Documents/AIME/MATE-ROV-AIME-/ros2_ws/install/underwater_rover/share/underwater_rover/package.dsv'
[3.679s] INFO:colcon.colcon_core.shell:Creating package script '/home/basira/Documents/AIME/MATE-ROV-AIME-/ros2_ws/install/underwater_rover/share/underwater_rover/package.sh'
[3.680s] INFO:colcon.colcon_core.shell:Creating package script '/home/basira/Documents/AIME/MATE-ROV-AIME-/ros2_ws/install/underwater_rover/share/underwater_rover/package.bash'
[3.681s] INFO:colcon.colcon_core.shell:Creating package script '/home/basira/Documents/AIME/MATE-ROV-AIME-/ros2_ws/install/underwater_rover/share/underwater_rover/package.zsh'
[3.682s] Level 1:colcon.colcon_core.environment:create_file_with_runtime_dependencies(/home/basira/Documents/AIME/MATE-ROV-AIME-/ros2_ws/install/underwater_rover/share/colcon-core/packages/underwater_rover)
[3.683s] DEBUG:colcon.colcon_parallel_executor.executor.parallel:closing loop
[3.683s] DEBUG:colcon.colcon_parallel_executor.executor.parallel:loop closed
[3.683s] DEBUG:colcon.colcon_parallel_executor.executor.parallel:run_until_complete finished with '0'
[3.684s] DEBUG:colcon.colcon_core.event_reactor:joining thread
[3.698s] INFO:colcon.colcon_core.plugin_system:Skipping extension 'colcon_notification.desktop_notification.terminal_notifier': Not used on non-Darwin systems
[3.701s] INFO:colcon.colcon_core.plugin_system:Skipping extension 'colcon_notification.desktop_notification.win32': Not used on non-Windows systems
[3.701s] INFO:colcon.colcon_notification.desktop_notification:Sending desktop notification using 'notify2'
[3.743s] DEBUG:colcon.colcon_core.event_reactor:joined thread
[3.750s] INFO:colcon.colcon_core.shell:Creating prefix script '/home/basira/Documents/AIME/MATE-ROV-AIME-/ros2_ws/install/local_setup.ps1'
[3.768s] INFO:colcon.colcon_core.shell:Creating prefix util module '/home/basira/Documents/AIME/MATE-ROV-AIME-/ros2_ws/install/_local_setup_util_ps1.py'
[3.780s] INFO:colcon.colcon_core.shell:Creating prefix chain script '/home/basira/Documents/AIME/MATE-ROV-AIME-/ros2_ws/install/setup.ps1'
[3.791s] INFO:colcon.colcon_core.shell:Creating prefix script '/home/basira/Documents/AIME/MATE-ROV-AIME-/ros2_ws/install/local_setup.sh'
[3.813s] INFO:colcon.colcon_core.shell:Creating prefix util module '/home/basira/Documents/AIME/MATE-ROV-AIME-/ros2_ws/install/_local_setup_util_sh.py'
[3.814s] INFO:colcon.colcon_core.shell:Creating prefix chain script '/home/basira/Documents/AIME/MATE-ROV-AIME-/ros2_ws/install/setup.sh'
[3.821s] INFO:colcon.colcon_core.shell:Creating prefix script '/home/basira/Documents/AIME/MATE-ROV-AIME-/ros2_ws/install/local_setup.bash'
[3.822s] INFO:colcon.colcon_core.shell:Creating prefix chain script '/home/basira/Documents/AIME/MATE-ROV-AIME-/ros2_ws/install/setup.bash'
[3.826s] INFO:colcon.colcon_core.shell:Creating prefix script '/home/basira/Documents/AIME/MATE-ROV-AIME-/ros2_ws/install/local_setup.zsh'
[3.834s] INFO:colcon.colcon_core.shell:Creating prefix chain script '/home/basira/Documents/AIME/MATE-ROV-AIME-/ros2_ws/install/setup.zsh'
