[2.450s] Invoking command in '/home/basira/Documents/AIME/MATE-ROV-AIME-/ros2_ws/src/underwater_rover': PYTHONPATH=/home/basira/Documents/AIME/MATE-ROV-AIME-/ros2_ws/build/underwater_rover/prefix_override:/usr/lib/python3/dist-packages/colcon_core/task/python/colcon_distutils_commands:/home/basira/Documents/AIME/MATE-ROV-AIME-/ros2_ws/install/underwater_rover/lib/python3.10/site-packages:${PYTHONPATH} /usr/bin/python3 -W ignore:setup.py install is deprecated setup.py egg_info --egg-base ../../build/underwater_rover build --build-base /home/basira/Documents/AIME/MATE-ROV-AIME-/ros2_ws/build/underwater_rover/build install --record /home/basira/Documents/AIME/MATE-ROV-AIME-/ros2_ws/build/underwater_rover/install.log --single-version-externally-managed install_data
[2.679s] running egg_info
[2.680s] creating ../../build/underwater_rover/underwater_rover.egg-info
[2.680s] writing ../../build/underwater_rover/underwater_rover.egg-info/PKG-INFO
[2.685s] writing dependency_links to ../../build/underwater_rover/underwater_rover.egg-info/dependency_links.txt
[2.685s] writing entry points to ../../build/underwater_rover/underwater_rover.egg-info/entry_points.txt
[2.685s] writing requirements to ../../build/underwater_rover/underwater_rover.egg-info/requires.txt
[2.685s] writing top-level names to ../../build/underwater_rover/underwater_rover.egg-info/top_level.txt
[2.685s] writing manifest file '../../build/underwater_rover/underwater_rover.egg-info/SOURCES.txt'
[2.687s] reading manifest file '../../build/underwater_rover/underwater_rover.egg-info/SOURCES.txt'
[2.687s] writing manifest file '../../build/underwater_rover/underwater_rover.egg-info/SOURCES.txt'
[2.687s] running build
[2.688s] running build_py
[2.688s] creating /home/basira/Documents/AIME/MATE-ROV-AIME-/ros2_ws/build/underwater_rover/build
[2.688s] creating /home/basira/Documents/AIME/MATE-ROV-AIME-/ros2_ws/build/underwater_rover/build/lib
[2.688s] creating /home/basira/Documents/AIME/MATE-ROV-AIME-/ros2_ws/build/underwater_rover/build/lib/underwater_rover
[2.688s] copying underwater_rover/__init__.py -> /home/basira/Documents/AIME/MATE-ROV-AIME-/ros2_ws/build/underwater_rover/build/lib/underwater_rover
[2.688s] copying underwater_rover/navigator_reader.py -> /home/basira/Documents/AIME/MATE-ROV-AIME-/ros2_ws/build/underwater_rover/build/lib/underwater_rover
[2.688s] copying underwater_rover/thruster_controller.py -> /home/basira/Documents/AIME/MATE-ROV-AIME-/ros2_ws/build/underwater_rover/build/lib/underwater_rover
[2.688s] copying underwater_rover/test_node.py -> /home/basira/Documents/AIME/MATE-ROV-AIME-/ros2_ws/build/underwater_rover/build/lib/underwater_rover
[2.688s] running install
[2.689s] running install_lib
[2.689s] creating /home/basira/Documents/AIME/MATE-ROV-AIME-/ros2_ws/install/underwater_rover/lib/python3.10/site-packages/underwater_rover
[2.689s] copying /home/basira/Documents/AIME/MATE-ROV-AIME-/ros2_ws/build/underwater_rover/build/lib/underwater_rover/__init__.py -> /home/basira/Documents/AIME/MATE-ROV-AIME-/ros2_ws/install/underwater_rover/lib/python3.10/site-packages/underwater_rover
[2.689s] copying /home/basira/Documents/AIME/MATE-ROV-AIME-/ros2_ws/build/underwater_rover/build/lib/underwater_rover/navigator_reader.py -> /home/basira/Documents/AIME/MATE-ROV-AIME-/ros2_ws/install/underwater_rover/lib/python3.10/site-packages/underwater_rover
[2.690s] copying /home/basira/Documents/AIME/MATE-ROV-AIME-/ros2_ws/build/underwater_rover/build/lib/underwater_rover/thruster_controller.py -> /home/basira/Documents/AIME/MATE-ROV-AIME-/ros2_ws/install/underwater_rover/lib/python3.10/site-packages/underwater_rover
[2.690s] copying /home/basira/Documents/AIME/MATE-ROV-AIME-/ros2_ws/build/underwater_rover/build/lib/underwater_rover/test_node.py -> /home/basira/Documents/AIME/MATE-ROV-AIME-/ros2_ws/install/underwater_rover/lib/python3.10/site-packages/underwater_rover
[2.690s] byte-compiling /home/basira/Documents/AIME/MATE-ROV-AIME-/ros2_ws/install/underwater_rover/lib/python3.10/site-packages/underwater_rover/__init__.py to __init__.cpython-310.pyc
[2.690s] byte-compiling /home/basira/Documents/AIME/MATE-ROV-AIME-/ros2_ws/install/underwater_rover/lib/python3.10/site-packages/underwater_rover/navigator_reader.py to navigator_reader.cpython-310.pyc
[2.690s] byte-compiling /home/basira/Documents/AIME/MATE-ROV-AIME-/ros2_ws/install/underwater_rover/lib/python3.10/site-packages/underwater_rover/thruster_controller.py to thruster_controller.cpython-310.pyc
[2.691s] byte-compiling /home/basira/Documents/AIME/MATE-ROV-AIME-/ros2_ws/install/underwater_rover/lib/python3.10/site-packages/underwater_rover/test_node.py to test_node.cpython-310.pyc
[2.691s] running install_data
[2.691s] creating /home/basira/Documents/AIME/MATE-ROV-AIME-/ros2_ws/install/underwater_rover/share/ament_index
[2.692s] creating /home/basira/Documents/AIME/MATE-ROV-AIME-/ros2_ws/install/underwater_rover/share/ament_index/resource_index
[2.692s] creating /home/basira/Documents/AIME/MATE-ROV-AIME-/ros2_ws/install/underwater_rover/share/ament_index/resource_index/packages
[2.692s] copying resource/underwater_rover -> /home/basira/Documents/AIME/MATE-ROV-AIME-/ros2_ws/install/underwater_rover/share/ament_index/resource_index/packages
[2.692s] copying package.xml -> /home/basira/Documents/AIME/MATE-ROV-AIME-/ros2_ws/install/underwater_rover/share/underwater_rover
[2.692s] running install_egg_info
[2.693s] Copying ../../build/underwater_rover/underwater_rover.egg-info to /home/basira/Documents/AIME/MATE-ROV-AIME-/ros2_ws/install/underwater_rover/lib/python3.10/site-packages/underwater_rover-0.0.0-py3.10.egg-info
[2.693s] running install_scripts
[2.709s] Installing test_node script to /home/basira/Documents/AIME/MATE-ROV-AIME-/ros2_ws/install/underwater_rover/lib/underwater_rover
[2.709s] writing list of installed files to '/home/basira/Documents/AIME/MATE-ROV-AIME-/ros2_ws/build/underwater_rover/install.log'
[2.783s] Invoked command in '/home/basira/Documents/AIME/MATE-ROV-AIME-/ros2_ws/src/underwater_rover' returned '0': PYTHONPATH=/home/basira/Documents/AIME/MATE-ROV-AIME-/ros2_ws/build/underwater_rover/prefix_override:/usr/lib/python3/dist-packages/colcon_core/task/python/colcon_distutils_commands:/home/basira/Documents/AIME/MATE-ROV-AIME-/ros2_ws/install/underwater_rover/lib/python3.10/site-packages:${PYTHONPATH} /usr/bin/python3 -W ignore:setup.py install is deprecated setup.py egg_info --egg-base ../../build/underwater_rover build --build-base /home/basira/Documents/AIME/MATE-ROV-AIME-/ros2_ws/build/underwater_rover/build install --record /home/basira/Documents/AIME/MATE-ROV-AIME-/ros2_ws/build/underwater_rover/install.log --single-version-externally-managed install_data
